<?xml version="1.0" encoding="UTF-8"?>
<testng-results ignored="0" total="6" passed="5" failed="1" skipped="0">
  <reporter-output>
  </reporter-output>
  <suite started-at="2021-09-09T21:20:13 IST" name="Default suite" finished-at="2021-09-09T21:20:13 IST" duration-ms="53">
    <groups>
    </groups>
    <test started-at="2021-09-09T21:20:13 IST" name="Default test" finished-at="2021-09-09T21:20:13 IST" duration-ms="53">
      <class name="base.code.testing">
        <test-method signature="input1()[pri:0, instance:base.code.testing@6b8ca3c8]" started-at="2021-09-09T21:20:13 IST" name="input1" finished-at="2021-09-09T21:20:13 IST" duration-ms="7" status="FAIL">
          <exception class="java.lang.Exception">
            <message>
              <![CDATA[no negative numbers allowed -9 -2 -4 -655 ]]>
            </message>
            <full-stacktrace>
              <![CDATA[java.lang.Exception: no negative numbers allowed -9 -2 -4 -655 
at base.code.Stringcalculator.Add(Stringcalculator.java:40)
at base.code.testing.input1(testing.java:23)
at java.base/jdk.internal.reflect.NativeMethodAccessorImpl.invoke0(Native Method)
at java.base/jdk.internal.reflect.NativeMethodAccessorImpl.invoke(NativeMethodAccessorImpl.java:78)
at java.base/jdk.internal.reflect.DelegatingMethodAccessorImpl.invoke(DelegatingMethodAccessorImpl.java:43)
at java.base/java.lang.reflect.Method.invoke(Method.java:567)
at org.testng.internal.MethodInvocationHelper.invokeMethod(MethodInvocationHelper.java:133)
at org.testng.internal.TestInvoker.invokeMethod(TestInvoker.java:598)
at org.testng.internal.TestInvoker.invokeTestMethod(TestInvoker.java:173)
at org.testng.internal.MethodRunner.runInSequence(MethodRunner.java:46)
at org.testng.internal.TestInvoker$MethodInvocationAgent.invoke(TestInvoker.java:824)
at org.testng.internal.TestInvoker.invokeTestMethods(TestInvoker.java:146)
at org.testng.internal.TestMethodWorker.invokeTestMethods(TestMethodWorker.java:146)
at org.testng.internal.TestMethodWorker.run(TestMethodWorker.java:128)
at java.base/java.util.ArrayList.forEach(ArrayList.java:1511)
at org.testng.TestRunner.privateRun(TestRunner.java:794)
at org.testng.TestRunner.run(TestRunner.java:596)
at org.testng.SuiteRunner.runTest(SuiteRunner.java:377)
at org.testng.SuiteRunner.runSequentially(SuiteRunner.java:371)
at org.testng.SuiteRunner.privateRun(SuiteRunner.java:332)
at org.testng.SuiteRunner.run(SuiteRunner.java:276)
at org.testng.SuiteRunnerWorker.runSuite(SuiteRunnerWorker.java:53)
at org.testng.SuiteRunnerWorker.run(SuiteRunnerWorker.java:96)
at org.testng.TestNG.runSuitesSequentially(TestNG.java:1212)
at org.testng.TestNG.runSuitesLocally(TestNG.java:1134)
at org.testng.TestNG.runSuites(TestNG.java:1063)
at org.testng.TestNG.run(TestNG.java:1031)
at org.testng.remote.AbstractRemoteTestNG.run(AbstractRemoteTestNG.java:115)
at org.testng.remote.RemoteTestNG.initAndRun(RemoteTestNG.java:251)
at org.testng.remote.RemoteTestNG.main(RemoteTestNG.java:77)
]]>
            </full-stacktrace>
          </exception> <!-- java.lang.Exception -->
          <reporter-output>
          </reporter-output>
        </test-method> <!-- input1 -->
        <test-method signature="input2()[pri:0, instance:base.code.testing@6b8ca3c8]" started-at="2021-09-09T21:20:13 IST" name="input2" finished-at="2021-09-09T21:20:13 IST" duration-ms="3" status="PASS">
          <reporter-output>
          </reporter-output>
        </test-method> <!-- input2 -->
        <test-method signature="input3()[pri:0, instance:base.code.testing@6b8ca3c8]" started-at="2021-09-09T21:20:13 IST" name="input3" finished-at="2021-09-09T21:20:13 IST" duration-ms="0" status="PASS">
          <reporter-output>
          </reporter-output>
        </test-method> <!-- input3 -->
        <test-method signature="negativenumber()[pri:0, instance:base.code.testing@6b8ca3c8]" started-at="2021-09-09T21:20:13 IST" name="negativenumber" finished-at="2021-09-09T21:20:13 IST" duration-ms="2" status="PASS">
          <reporter-output>
          </reporter-output>
        </test-method> <!-- negativenumber -->
        <test-method signature="noinput()[pri:0, instance:base.code.testing@6b8ca3c8]" started-at="2021-09-09T21:20:13 IST" name="noinput" finished-at="2021-09-09T21:20:13 IST" duration-ms="0" status="PASS">
          <reporter-output>
          </reporter-output>
        </test-method> <!-- noinput -->
        <test-method signature="number_of_times_called_add()[pri:0, instance:base.code.testing@6b8ca3c8]" started-at="2021-09-09T21:20:13 IST" name="number_of_times_called_add" finished-at="2021-09-09T21:20:13 IST" duration-ms="1" status="PASS">
          <reporter-output>
          </reporter-output>
        </test-method> <!-- number_of_times_called_add -->
      </class> <!-- base.code.testing -->
    </test> <!-- Default test -->
  </suite> <!-- Default suite -->
</testng-results>
